<?xml version="1.0" encoding="UTF-8"?>
<testsuite name="org.javamoney.cdi.SmokeTest" time="2.496" tests="5" errors="0" skipped="0" failures="0">
  <properties>
    <property name="java.runtime.name" value="OpenJDK Runtime Environment"/>
    <property name="sun.boot.library.path" value="/usr/lib/jvm/intellij-jdk/jre/lib/amd64"/>
    <property name="java.vm.version" value="25.152-b1"/>
    <property name="awt.useSystemAAFontSettings" value="on"/>
    <property name="swing.crossplatformlaf" value="com.sun.java.swing.plaf.gtk.GTKLookAndFeel"/>
    <property name="java.vm.vendor" value="JetBrains s.r.o"/>
    <property name="maven.multiModuleProjectDirectory" value="/home/isaac-nugroho/werkz/javamoney-lib"/>
    <property name="java.vendor.url" value="https://www.jetbrains.com/"/>
    <property name="path.separator" value=":"/>
    <property name="guice.disable.misplaced.annotation.check" value="true"/>
    <property name="java.vm.name" value="OpenJDK 64-Bit Server VM"/>
    <property name="file.encoding.pkg" value="sun.io"/>
    <property name="user.country" value="US"/>
    <property name="sun.java.launcher" value="SUN_STANDARD"/>
    <property name="sun.os.patch.level" value="unknown"/>
    <property name="java.vm.specification.name" value="Java Virtual Machine Specification"/>
    <property name="user.dir" value="/data/codeworkz/projects/punakawan/javamoney-lib"/>
    <property name="java.runtime.version" value="1.8.0_152-release-855-b1"/>
    <property name="java.awt.graphicsenv" value="sun.awt.X11GraphicsEnvironment"/>
    <property name="java.endorsed.dirs" value="/usr/lib/jvm/intellij-jdk/jre/lib/endorsed"/>
    <property name="os.arch" value="amd64"/>
    <property name="java.io.tmpdir" value="/tmp"/>
    <property name="line.separator" value="&#10;"/>
    <property name="java.vm.specification.vendor" value="Oracle Corporation"/>
    <property name="os.name" value="Linux"/>
    <property name="classworlds.conf" value="/opt/maven/bin/m2.conf"/>
    <property name="sun.jnu.encoding" value="UTF-8"/>
    <property name="java.library.path" value="/usr/java/packages/lib/amd64:/usr/lib64:/lib64:/lib:/usr/lib"/>
    <property name="maven.conf" value="/opt/maven/conf"/>
    <property name="java.specification.name" value="Java Platform API Specification"/>
    <property name="java.class.version" value="52.0"/>
    <property name="sun.management.compiler" value="HotSpot 64-Bit Tiered Compilers"/>
    <property name="skipTests" value="1"/>
    <property name="os.version" value="4.9.27-rt18-rt-bfq"/>
    <property name="library.jansi.path" value="/opt/maven/lib/jansi-native/linux64"/>
    <property name="user.home" value="/home/isaac-nugroho"/>
    <property name="user.timezone" value="Asia/Jakarta"/>
    <property name="java.awt.printerjob" value="sun.print.PSPrinterJob"/>
    <property name="java.specification.version" value="1.8"/>
    <property name="file.encoding" value="UTF-8"/>
    <property name="user.name" value="isaac-nugroho"/>
    <property name="java.class.path" value="/opt/maven/boot/plexus-classworlds-2.5.2.jar"/>
    <property name="java.vm.specification.version" value="1.8"/>
    <property name="sun.arch.data.model" value="64"/>
    <property name="java.home" value="/usr/lib/jvm/intellij-jdk/jre"/>
    <property name="sun.java.command" value="org.codehaus.plexus.classworlds.launcher.Launcher install -DskipTests=1"/>
    <property name="java.specification.vendor" value="Oracle Corporation"/>
    <property name="user.language" value="en"/>
    <property name="awt.toolkit" value="sun.awt.X11.XToolkit"/>
    <property name="java.vm.info" value="mixed mode"/>
    <property name="java.version" value="1.8.0_152-release"/>
    <property name="swing.defaultlaf" value="com.sun.java.swing.plaf.gtk.GTKLookAndFeel"/>
    <property name="java.ext.dirs" value="/usr/lib/jvm/intellij-jdk/jre/lib/ext:/usr/java/packages/lib/ext"/>
    <property name="securerandom.source" value="file:/dev/./urandom"/>
    <property name="sun.boot.class.path" value="/usr/lib/jvm/intellij-jdk/jre/lib/resources.jar:/usr/lib/jvm/intellij-jdk/jre/lib/rt.jar:/usr/lib/jvm/intellij-jdk/jre/lib/sunrsasign.jar:/usr/lib/jvm/intellij-jdk/jre/lib/jsse.jar:/usr/lib/jvm/intellij-jdk/jre/lib/jce.jar:/usr/lib/jvm/intellij-jdk/jre/lib/charsets.jar:/usr/lib/jvm/intellij-jdk/jre/lib/jfr.jar:/usr/lib/jvm/intellij-jdk/jre/classes"/>
    <property name="java.vendor" value="JetBrains s.r.o"/>
    <property name="maven.home" value="/opt/maven"/>
    <property name="swing.aatext" value="true"/>
    <property name="file.separator" value="/"/>
    <property name="java.vendor.url.bug" value="https://youtrack.jetbrains.com"/>
    <property name="sun.cpu.endian" value="little"/>
    <property name="sun.io.unicode.encoding" value="UnicodeLittle"/>
    <property name="sun.cpu.isalist" value=""/>
  </properties>
  <testcase name="testCurrencyAccess" classname="org.javamoney.cdi.SmokeTest" time="0.157"/>
  <testcase name="testAmountFormatRoundTrip" classname="org.javamoney.cdi.SmokeTest" time="0.076"/>
  <testcase name="testCreateMoney" classname="org.javamoney.cdi.SmokeTest" time="0.008"/>
  <testcase name="testExchange" classname="org.javamoney.cdi.SmokeTest" time="2.253"/>
  <testcase name="testCreateAmounts" classname="org.javamoney.cdi.SmokeTest" time="0.002"/>
</testsuite>